Arguments: 
  C:\Program Files\nodejs\node.exe C:\Users\sodiq\AppData\Roaming\npm\node_modules\yarn\bin\yarn.js add jwt

PATH: 
  C:\Program Files\PowerShell\7;C:\Program Files (x86)\VMware\VMware Workstation\bin\;C:\Program Files\Eclipse Adoptium\jdk-8.0.345.1-hotspot\bin;C:\WINDOWS\system32;C:\WINDOWS;C:\WINDOWS\System32\Wbem;C:\WINDOWS\System32\WindowsPowerShell\v1.0\;C:\WINDOWS\System32\OpenSSH\;C:\Program Files\Git\cmd;C:\ProgramData\chocolatey\bin;C:\Users\sodiq\AppData\Roaming\nvm;C:\Program Files\nodejs;C:\Users\sodiq\AppData\Local\Android\Sdk\platform-tools;C:\xampp\php;C:\Users\sodiq;C:\msys64\mingw64\bin;C:\opencv\build\x64\vc16\bin;C:\Program Files\PowerShell\7\;C:\Program Files\nodejs\;C:\msys64\mingw64\bin;C:\Users\sodiq\AppData\Local\Programs\Python\Python311\Scripts\;C:\Users\sodiq\AppData\Local\Programs\Python\Python311\;C:\Users\sodiq\AppData\Local\Microsoft\WindowsApps;C:\Users\sodiq\AppData\Local\Programs\Microsoft VS Code\bin;C:\Users\sodiq\AppData\Local\Android\Sdk\platform-tools;C:\Users\sodiq\AppData\Roaming\nvm;C:\Program Files\nodejs;C:\FlutterSDK\flutter\bin;C:\Users\sodiq\AppData\Roaming\Composer\vendor\bin;C:\opencv\build\x64\vc16\bin;C:\Users\sodiq\AppData\Roaming\npm

Yarn version: 
  1.22.19

Node version: 
  20.9.0

Platform: 
  win32 x64

Trace: 
  Error: EPERM: operation not permitted, unlink 'C:\Users\sodiq\Desktop\Foodie\foodieServer\node_modules\bcrypt\lib\binding\napi-v3\bcrypt_lib.node'

npm manifest: 
  {
    "name": "foodieserver",
    "version": "1.0.0",
    "description": "",
    "main": "server.js",
    "scripts": {
      "test": "echo \"Error: no test specified\" && exit 1"
    },
    "keywords": [],
    "author": "",
    "license": "ISC",
    "type": "commonjs",
    "dependencies": {
      "bcrypt": "^5.1.1",
      "cloudinary": "^1.41.0",
      "cookie-parser": "^1.4.6",
      "cors": "^2.8.5",
      "dotenv": "^16.3.1",
      "express": "^4.18.2",
      "mongoose": "^8.0.1",
      "morgan": "^1.10.0"
    }
  }

yarn manifest: 
  No manifest

Lockfile: 
  No lockfile
